[ERROR] Failed to execute goal org.apache.maven.plugins:maven-compiler-plugin:3.3:testCompile (default-testCompile) on project maven-web-application: Compilation failure: Compilation failure:
[ERROR] /var/lib/jenkins/workspace/AI/src/test/java/EmployeeServiceTest.java:[1,17] package org.junit does not exist
[ERROR]
